<?xml version="1.0" encoding="UTF-8"?>
<testsuite name="tests.SearchTests" tests="2" skipped="0" failures="0" errors="0" timestamp="2025-07-09T20:06:01" hostname="MADINA_AXUNDOVA" time="50.01">
  <properties/>
  <testcase name="successfulSearchTest()" classname="tests.SearchTests" time="28.047"/>
  <testcase name="simpleSearchTest()" classname="tests.SearchTests" time="21.809"/>
  <system-out><![CDATA[]]></system-out>
  <system-err><![CDATA[]]></system-err>
</testsuite>
